<?xml version="1.0" encoding="UTF-8"?>
<testsuite name="group9rcraggs.application.ApplicationTests" tests="1" skipped="0" failures="0" errors="0" timestamp="2019-01-23T17:07:35" hostname="genesis-HP-ProDesk-400-Office3" time="0.043">
  <properties/>
  <testcase name="exampleTest" classname="group9rcraggs.application.ApplicationTests" time="0.043"/>
  <system-out><![CDATA[17:07:33.697 [Test worker] DEBUG org.springframework.test.context.junit4.SpringJUnit4ClassRunner - SpringJUnit4ClassRunner constructor called with [class group9rcraggs.application.ApplicationTests]
17:07:33.702 [Test worker] DEBUG org.springframework.test.context.BootstrapUtils - Instantiating CacheAwareContextLoaderDelegate from class [org.springframework.test.context.cache.DefaultCacheAwareContextLoaderDelegate]
17:07:33.706 [Test worker] DEBUG org.springframework.test.context.BootstrapUtils - Instantiating BootstrapContext using constructor [public org.springframework.test.context.support.DefaultBootstrapContext(java.lang.Class,org.springframework.test.context.CacheAwareContextLoaderDelegate)]
17:07:33.715 [Test worker] DEBUG org.springframework.test.context.BootstrapUtils - Instantiating TestContextBootstrapper for test class [group9rcraggs.application.ApplicationTests] from class [org.springframework.boot.test.context.SpringBootTestContextBootstrapper]
17:07:33.721 [Test worker] INFO org.springframework.boot.test.context.SpringBootTestContextBootstrapper - Neither @ContextConfiguration nor @ContextHierarchy found for test class [group9rcraggs.application.ApplicationTests], using SpringBootContextLoader
17:07:33.722 [Test worker] DEBUG org.springframework.test.context.support.AbstractContextLoader - Did not detect default resource location for test class [group9rcraggs.application.ApplicationTests]: class path resource [group9rcraggs/application/ApplicationTests-context.xml] does not exist
17:07:33.723 [Test worker] DEBUG org.springframework.test.context.support.AbstractContextLoader - Did not detect default resource location for test class [group9rcraggs.application.ApplicationTests]: class path resource [group9rcraggs/application/ApplicationTestsContext.groovy] does not exist
17:07:33.723 [Test worker] INFO org.springframework.test.context.support.AbstractContextLoader - Could not detect default resource locations for test class [group9rcraggs.application.ApplicationTests]: no resource found for suffixes {-context.xml, Context.groovy}.
17:07:33.724 [Test worker] INFO org.springframework.test.context.support.AnnotationConfigContextLoaderUtils - Could not detect default configuration classes for test class [group9rcraggs.application.ApplicationTests]: ApplicationTests does not declare any static, non-private, non-final, nested classes annotated with @Configuration.
17:07:33.742 [Test worker] DEBUG org.springframework.test.context.support.ActiveProfilesUtils - Could not find an 'annotation declaring class' for annotation type [org.springframework.test.context.ActiveProfiles] and class [group9rcraggs.application.ApplicationTests]
17:07:33.745 [Test worker] DEBUG org.springframework.core.env.StandardEnvironment - Adding PropertySource 'systemProperties' with lowest search precedence
17:07:33.745 [Test worker] DEBUG org.springframework.core.env.StandardEnvironment - Adding PropertySource 'systemEnvironment' with lowest search precedence
17:07:33.745 [Test worker] DEBUG org.springframework.core.env.StandardEnvironment - Initialized StandardEnvironment with PropertySources [MapPropertySource@521193191 {name='systemProperties', properties={sun.desktop=gnome, awt.toolkit=sun.awt.X11.XToolkit, java.specification.version=10, file.encoding.pkg=sun.io, sun.cpu.isalist=, sun.jnu.encoding=UTF-8, org.gradle.test.worker=1, java.class.path=/home/tyler/.gradle/caches/4.10.2/workerMain/gradle-worker.jar:/home/tyler/Downloads/application/build/classes/java/test:/home/tyler/Downloads/application/build/resources/test:/home/tyler/Downloads/application/build/classes/java/main:/home/tyler/Downloads/application/build/resources/main:/home/tyler/.gradle/caches/modules-2/files-2.1/org.springframework.boot/spring-boot-starter-security/2.0.8.RELEASE/2bde596490fb0ab213ac8e6d2b989f5e44287637/spring-boot-starter-security-2.0.8.RELEASE.jar:/home/tyler/.gradle/caches/modules-2/files-2.1/org.springframework.boot/spring-boot-starter-web/2.0.8.RELEASE/b5938b13bacc8810cd927966cee84ea70a5dfba5/spring-boot-starter-web-2.0.8.RELEASE.jar:/home/tyler/.gradle/caches/modules-2/files-2.1/org.springframework.boot/spring-boot-devtools/2.0.8.RELEASE/8995dcaa30061e49b62cc8213ac50e1f4d09cfef/spring-boot-devtools-2.0.8.RELEASE.jar:/home/tyler/.gradle/caches/modules-2/files-2.1/com.h2database/h2/1.4.197/bb391050048ca8ae3e32451b5a3714ecd3596a46/h2-1.4.197.jar:/home/tyler/.gradle/caches/modules-2/files-2.1/mysql/mysql-connector-java/5.1.47/9de4159aaf2d08817a276610b8114a825fca6cfd/mysql-connector-java-5.1.47.jar:/home/tyler/.gradle/caches/modules-2/files-2.1/org.springframework.boot/spring-boot-starter-test/2.0.8.RELEASE/936d979689b18e64f798392bc9d655b9955d8e1d/spring-boot-starter-test-2.0.8.RELEASE.jar:/home/tyler/.gradle/caches/modules-2/files-2.1/org.springframework.security/spring-security-test/5.0.11.RELEASE/cf407877640ad8555dce6f16ab8e547c31e8657d/spring-security-test-5.0.11.RELEASE.jar:/home/tyler/.gradle/caches/modules-2/files-2.1/org.springframework.boot/spring-boot-starter-json/2.0.8.RELEASE/e582ff5ef0f65a5853a52a7b71fd13b3d51b79b/spring-boot-starter-json-2.0.8.RELEASE.jar:/home/tyler/.gradle/caches/modules-2/files-2.1/org.springframework.boot/spring-boot-starter/2.0.8.RELEASE/807ebe1e555159c36a4274175743bcb5ea0a78a4/spring-boot-starter-2.0.8.RELEASE.jar:/home/tyler/.gradle/caches/modules-2/files-2.1/org.springframework.security/spring-security-config/5.0.11.RELEASE/66ee0f694e0a92a03385b3206c8b12a9e54268ea/spring-security-config-5.0.11.RELEASE.jar:/home/tyler/.gradle/caches/modules-2/files-2.1/org.springframework.security/spring-security-web/5.0.11.RELEASE/303d3ec23ae9c71b5566bb924f7691fa763a224/spring-security-web-5.0.11.RELEASE.jar:/home/tyler/.gradle/caches/modules-2/files-2.1/org.springframework/spring-webmvc/5.0.12.RELEASE/987acd743219f144b6e82d1f00de49af272bbc51/spring-webmvc-5.0.12.RELEASE.jar:/home/tyler/.gradle/caches/modules-2/files-2.1/org.springframework.security/spring-security-core/5.0.11.RELEASE/e706bafb61d43ec405cce5fa927b465d14a140a9/spring-security-core-5.0.11.RELEASE.jar:/home/tyler/.gradle/caches/modules-2/files-2.1/org.springframework.boot/spring-boot-test-autoconfigure/2.0.8.RELEASE/e532dd8eb071bf4d6ea74e24b5b2044eea45c785/spring-boot-test-autoconfigure-2.0.8.RELEASE.jar:/home/tyler/.gradle/caches/modules-2/files-2.1/org.springframework.boot/spring-boot-autoconfigure/2.0.8.RELEASE/1c7381ae3817045699435f64fcd5cadf95ff9a6e/spring-boot-autoconfigure-2.0.8.RELEASE.jar:/home/tyler/.gradle/caches/modules-2/files-2.1/org.springframework.boot/spring-boot-test/2.0.8.RELEASE/3f71ecba9822a5c6c16cef80669cb9a52c766ce1/spring-boot-test-2.0.8.RELEASE.jar:/home/tyler/.gradle/caches/modules-2/files-2.1/org.springframework.boot/spring-boot/2.0.8.RELEASE/f3a872db7ad747eeaf602af5b515f50d715539d0/spring-boot-2.0.8.RELEASE.jar:/home/tyler/.gradle/caches/modules-2/files-2.1/org.springframework/spring-context/5.0.12.RELEASE/e48e296b05852649486837e97c2b99fac849e80b/spring-context-5.0.12.RELEASE.jar:/home/tyler/.gradle/caches/modules-2/files-2.1/org.springframework/spring-aop/5.0.12.RELEASE/60896945b60a841c66499a8142f06ee757399b3a/spring-aop-5.0.12.RELEASE.jar:/home/tyler/.gradle/caches/modules-2/files-2.1/org.springframework.boot/spring-boot-starter-tomcat/2.0.8.RELEASE/e14b0dd96ab70d7df1846b38b37ebf4c65576139/spring-boot-starter-tomcat-2.0.8.RELEASE.jar:/home/tyler/.gradle/caches/modules-2/files-2.1/org.hibernate.validator/hibernate-validator/6.0.14.Final/c424524aa7718c564d9199ac5892b05901cabae6/hibernate-validator-6.0.14.Final.jar:/home/tyler/.gradle/caches/modules-2/files-2.1/org.springframework/spring-web/5.0.12.RELEASE/fe4f2d665523f903ec35c6e822276d009ad76af7/spring-web-5.0.12.RELEASE.jar:/home/tyler/.gradle/caches/modules-2/files-2.1/com.jayway.jsonpath/json-path/2.4.0/765a4401ceb2dc8d40553c2075eb80a8fa35c2ae/json-path-2.4.0.jar:/home/tyler/.gradle/caches/modules-2/files-2.1/junit/junit/4.12/2973d150c0dc1fefe998f834810d68f278ea58ec/junit-4.12.jar:/home/tyler/.gradle/caches/modules-2/files-2.1/org.assertj/assertj-core/3.9.1/c5ce126b15f28d56cd8f960c1a6a058b9c9aea87/assertj-core-3.9.1.jar:/home/tyler/.gradle/caches/modules-2/files-2.1/org.mockito/mockito-core/2.15.0/b84bfbbc29cd22c9529409627af6ea2897f4fa85/mockito-core-2.15.0.jar:/home/tyler/.gradle/caches/modules-2/files-2.1/org.hamcrest/hamcrest-library/1.3/4785a3c21320980282f9f33d0d1264a69040538f/hamcrest-library-1.3.jar:/home/tyler/.gradle/caches/modules-2/files-2.1/org.hamcrest/hamcrest-core/1.3/42a25dc3219429f0e5d060061f71acb49bf010a0/hamcrest-core-1.3.jar:/home/tyler/.gradle/caches/modules-2/files-2.1/org.skyscreamer/jsonassert/1.5.0/6c9d5fe2f59da598d9aefc1cfc6528ff3cf32df3/jsonassert-1.5.0.jar:/home/tyler/.gradle/caches/modules-2/files-2.1/org.springframework/spring-test/5.0.12.RELEASE/e846ddc1a1e9b0f996e93d0315e37223d3612801/spring-test-5.0.12.RELEASE.jar:/home/tyler/.gradle/caches/modules-2/files-2.1/org.springframework/spring-beans/5.0.12.RELEASE/985983cc69e42defefef099c3cfdf24e81b28b6c/spring-beans-5.0.12.RELEASE.jar:/home/tyler/.gradle/caches/modules-2/files-2.1/org.springframework/spring-expression/5.0.12.RELEASE/f57aa55bcfb7542c5d5db70285d1c83161f76ed9/spring-expression-5.0.12.RELEASE.jar:/home/tyler/.gradle/caches/modules-2/files-2.1/org.springframework/spring-core/5.0.12.RELEASE/b443363fffe8b1881a231bb96d8c927558a941cc/spring-core-5.0.12.RELEASE.jar:/home/tyler/.gradle/caches/modules-2/files-2.1/org.xmlunit/xmlunit-core/2.5.1/4ffdb346572a7356f7521cd3119ce5287d2e339d/xmlunit-core-2.5.1.jar:/home/tyler/.gradle/caches/modules-2/files-2.1/org.springframework.boot/spring-boot-starter-logging/2.0.8.RELEASE/478802d17e998de074c71a495abaf9a76be03c0/spring-boot-starter-logging-2.0.8.RELEASE.jar:/home/tyler/.gradle/caches/modules-2/files-2.1/javax.annotation/javax.annotation-api/1.3.2/934c04d3cfef185a8008e7bf34331b79730a9d43/javax.annotation-api-1.3.2.jar:/home/tyler/.gradle/caches/modules-2/files-2.1/org.yaml/snakeyaml/1.19/2d998d3d674b172a588e54ab619854d073f555b5/snakeyaml-1.19.jar:/home/tyler/.gradle/caches/modules-2/files-2.1/com.fasterxml.jackson.datatype/jackson-datatype-jdk8/2.9.8/bcd02aa9195390e23747ed40bf76be869ad3a2fb/jackson-datatype-jdk8-2.9.8.jar:/home/tyler/.gradle/caches/modules-2/files-2.1/com.fasterxml.jackson.datatype/jackson-datatype-jsr310/2.9.8/28ad1bced632ba338e51c825a652f6e11a8e6eac/jackson-datatype-jsr310-2.9.8.jar:/home/tyler/.gradle/caches/modules-2/files-2.1/com.fasterxml.jackson.module/jackson-module-parameter-names/2.9.8/c4eef0e6e20d60fb27af4bc4770dba7bcc3f6de6/jackson-module-parameter-names-2.9.8.jar:/home/tyler/.gradle/caches/modules-2/files-2.1/com.fasterxml.jackson.core/jackson-databind/2.9.8/11283f21cc480aa86c4df7a0a3243ec508372ed2/jackson-databind-2.9.8.jar:/home/tyler/.gradle/caches/modules-2/files-2.1/org.apache.tomcat.embed/tomcat-embed-websocket/8.5.37/6fa15e093a7809764ea6d149efa4fcb383a833e7/tomcat-embed-websocket-8.5.37.jar:/home/tyler/.gradle/caches/modules-2/files-2.1/org.apache.tomcat.embed/tomcat-embed-core/8.5.37/9ed6ab8f126d304af340492ade95a03878455af1/tomcat-embed-core-8.5.37.jar:/home/tyler/.gradle/caches/modules-2/files-2.1/org.apache.tomcat.embed/tomcat-embed-el/8.5.37/fc91bf1f2f228859440e8665dffa1587b645ce8e/tomcat-embed-el-8.5.37.jar:/home/tyler/.gradle/caches/modules-2/files-2.1/javax.validation/validation-api/2.0.1.Final/cb855558e6271b1b32e716d24cb85c7f583ce09e/validation-api-2.0.1.Final.jar:/home/tyler/.gradle/caches/modules-2/files-2.1/org.jboss.logging/jboss-logging/3.3.2.Final/3789d00e859632e6c6206adc0c71625559e6e3b0/jboss-logging-3.3.2.Final.jar:/home/tyler/.gradle/caches/modules-2/files-2.1/com.fasterxml/classmate/1.3.4/3d5f48f10bbe4eb7bd862f10c0583be2e0053c6/classmate-1.3.4.jar:/home/tyler/.gradle/caches/modules-2/files-2.1/net.minidev/json-smart/2.3/7396407491352ce4fa30de92efb158adb76b5b/json-smart-2.3.jar:/home/tyler/.gradle/caches/modules-2/files-2.1/ch.qos.logback/logback-classic/1.2.3/7c4f3c474fb2c041d8028740440937705ebb473a/logback-classic-1.2.3.jar:/home/tyler/.gradle/caches/modules-2/files-2.1/org.apache.logging.log4j/log4j-to-slf4j/2.10.0/f7e631ccf49cfc0aefa4a2a728da7d374c05bd3c/log4j-to-slf4j-2.10.0.jar:/home/tyler/.gradle/caches/modules-2/files-2.1/org.slf4j/jul-to-slf4j/1.7.25/af5364cd6679bfffb114f0dec8a157aaa283b76/jul-to-slf4j-1.7.25.jar:/home/tyler/.gradle/caches/modules-2/files-2.1/org.slf4j/slf4j-api/1.7.25/da76ca59f6a57ee3102f8f9bd9cee742973efa8a/slf4j-api-1.7.25.jar:/home/tyler/.gradle/caches/modules-2/files-2.1/net.bytebuddy/byte-buddy/1.7.11/f02857a4e2c66ccbe7aaad6100a0a6c461bce9b3/byte-buddy-1.7.11.jar:/home/tyler/.gradle/caches/modules-2/files-2.1/net.bytebuddy/byte-buddy-agent/1.7.11/b425a8933ca07edd03c6dbc8bc3b595fba9780de/byte-buddy-agent-1.7.11.jar:/home/tyler/.gradle/caches/modules-2/files-2.1/org.objenesis/objenesis/2.6/639033469776fd37c08358c6b92a4761feb2af4b/objenesis-2.6.jar:/home/tyler/.gradle/caches/modules-2/files-2.1/com.vaadin.external.google/android-json/0.0.20131108.vaadin1/fa26d351fe62a6a17f5cda1287c1c6110dec413f/android-json-0.0.20131108.vaadin1.jar:/home/tyler/.gradle/caches/modules-2/files-2.1/org.springframework/spring-jcl/5.0.12.RELEASE/207c604aa198f7f845a1ce046d0f9593294c7953/spring-jcl-5.0.12.RELEASE.jar:/home/tyler/.gradle/caches/modules-2/files-2.1/com.fasterxml.jackson.core/jackson-annotations/2.9.0/7c10d545325e3a6e72e06381afe469fd40eb701/jackson-annotations-2.9.0.jar:/home/tyler/.gradle/caches/modules-2/files-2.1/com.fasterxml.jackson.core/jackson-core/2.9.8/f5a654e4675769c716e5b387830d19b501ca191/jackson-core-2.9.8.jar:/home/tyler/.gradle/caches/modules-2/files-2.1/net.minidev/accessors-smart/1.2/c592b500269bfde36096641b01238a8350f8aa31/accessors-smart-1.2.jar:/home/tyler/.gradle/caches/modules-2/files-2.1/ch.qos.logback/logback-core/1.2.3/864344400c3d4d92dfeb0a305dc87d953677c03c/logback-core-1.2.3.jar:/home/tyler/.gradle/caches/modules-2/files-2.1/org.apache.logging.log4j/log4j-api/2.10.0/fec5797a55b786184a537abd39c3fa1449d752d6/log4j-api-2.10.0.jar:/home/tyler/.gradle/caches/modules-2/files-2.1/org.ow2.asm/asm/5.0.4/da08b8cce7bbf903602a25a3a163ae252435795/asm-5.0.4.jar, java.vm.vendor=Oracle Corporation, sun.arch.data.model=64, user.variant=, java.vendor.url=http://java.oracle.com/, user.timezone=Europe/London, os.name=Linux, java.vm.specification.version=10, user.country=GB, sun.java.launcher=SUN_STANDARD, sun.boot.library.path=/usr/lib/jvm/java-11-openjdk-amd64/lib, sun.java.command=worker.org.gradle.process.internal.worker.GradleWorkerMain 'Gradle Test Executor 1', jdk.debug=release, sun.cpu.endian=little, user.home=/home/tyler, user.language=en, java.specification.vendor=Oracle Corporation, org.gradle.native=false, java.version.date=2018-07-17, java.home=/usr/lib/jvm/java-11-openjdk-amd64, file.separator=/, java.vm.compressedOopsMode=Zero based, line.separator=
, java.specification.name=Java Platform API Specification, java.vm.specification.vendor=Oracle Corporation, java.awt.graphicsenv=sun.awt.X11GraphicsEnvironment, sun.management.compiler=HotSpot 64-Bit Tiered Compilers, java.runtime.version=10.0.2+13-Ubuntu-1ubuntu0.18.04.4, user.name=tyler, path.separator=:, os.version=4.15.0-38-generic, java.runtime.name=OpenJDK Runtime Environment, file.encoding=UTF-8, java.vm.name=OpenJDK 64-Bit Server VM, java.vendor.url.bug=http://bugreport.java.com/bugreport/, java.io.tmpdir=/tmp, java.version=10.0.2, user.dir=/home/tyler/Downloads/application, os.arch=amd64, java.vm.specification.name=Java Virtual Machine Specification, java.awt.printerjob=sun.print.PSPrinterJob, sun.os.patch.level=unknown, java.library.path=/usr/java/packages/lib:/usr/lib/x86_64-linux-gnu/jni:/lib/x86_64-linux-gnu:/usr/lib/x86_64-linux-gnu:/usr/lib/jni:/lib:/usr/lib, java.vendor=Oracle Corporation, java.vm.info=mixed mode, java.vm.version=10.0.2+13-Ubuntu-1ubuntu0.18.04.4, sun.io.unicode.encoding=UnicodeLittle, java.class.version=54.0}}, SystemEnvironmentPropertySource@2010810049 {name='systemEnvironment', properties={PATH=/usr/local/sbin:/usr/local/bin:/usr/sbin:/usr/bin:/sbin:/bin:/usr/games:/usr/local/games, XAUTHORITY=/home/tyler/.Xauthority, XDG_DATA_DIRS=/home/tyler/.local/share/flatpak/exports/share:/var/lib/flatpak/exports/share/:/usr/share/cinnamon:/usr/share/gnome:/home/tyler/.local/share/flatpak/exports/share:/var/lib/flatpak/exports/share:/usr/local/share:/usr/share, GDMSESSION=cinnamon, MANDATORY_PATH=/usr/share/gconf/cinnamon.mandatory.path, DBUS_SESSION_BUS_ADDRESS=unix:path=/run/user/1002/bus, DEFAULTS_PATH=/usr/share/gconf/cinnamon.default.path, XDG_CURRENT_DESKTOP=X-Cinnamon, SSH_AGENT_PID=3421, COLORTERM=truecolor, SESSION_MANAGER=local/genesis-HP-ProDesk-400-Office3:@/tmp/.ICE-unix/3355,unix/genesis-HP-ProDesk-400-Office3:/tmp/.ICE-unix/3355, LOGNAME=tyler, PWD=/home/tyler/Downloads/application, LANGUAGE=en_GB:en, GJS_DEBUG_TOPICS=JS ERROR;JS LOG, LESSOPEN=| /usr/bin/lesspipe %s, SHELL=/bin/bash, OLDPWD=/home/tyler/Downloads/application, GNOME_DESKTOP_SESSION_ID=this-is-deprecated, GNOME_TERMINAL_SCREEN=/org/gnome/Terminal/screen/28d346fd_ec60_435c_852e_4154ce9f4c98, GTK_MODULES=gail:atk-bridge, XDG_SESSION_PATH=/org/freedesktop/DisplayManager/Session0, LS_COLORS=rs=0:di=01;34:ln=01;36:mh=00:pi=40;33:so=01;35:do=01;35:bd=40;33;01:cd=40;33;01:or=40;31;01:mi=00:su=37;41:sg=30;43:ca=30;41:tw=30;42:ow=34;42:st=37;44:ex=01;32:*.tar=01;31:*.tgz=01;31:*.arc=01;31:*.arj=01;31:*.taz=01;31:*.lha=01;31:*.lz4=01;31:*.lzh=01;31:*.lzma=01;31:*.tlz=01;31:*.txz=01;31:*.tzo=01;31:*.t7z=01;31:*.zip=01;31:*.z=01;31:*.Z=01;31:*.dz=01;31:*.gz=01;31:*.lrz=01;31:*.lz=01;31:*.lzo=01;31:*.xz=01;31:*.zst=01;31:*.tzst=01;31:*.bz2=01;31:*.bz=01;31:*.tbz=01;31:*.tbz2=01;31:*.tz=01;31:*.deb=01;31:*.rpm=01;31:*.jar=01;31:*.war=01;31:*.ear=01;31:*.sar=01;31:*.rar=01;31:*.alz=01;31:*.ace=01;31:*.zoo=01;31:*.cpio=01;31:*.7z=01;31:*.rz=01;31:*.cab=01;31:*.wim=01;31:*.swm=01;31:*.dwm=01;31:*.esd=01;31:*.jpg=01;35:*.jpeg=01;35:*.mjpg=01;35:*.mjpeg=01;35:*.gif=01;35:*.bmp=01;35:*.pbm=01;35:*.pgm=01;35:*.ppm=01;35:*.tga=01;35:*.xbm=01;35:*.xpm=01;35:*.tif=01;35:*.tiff=01;35:*.png=01;35:*.svg=01;35:*.svgz=01;35:*.mng=01;35:*.pcx=01;35:*.mov=01;35:*.mpg=01;35:*.mpeg=01;35:*.m2v=01;35:*.mkv=01;35:*.webm=01;35:*.ogm=01;35:*.mp4=01;35:*.m4v=01;35:*.mp4v=01;35:*.vob=01;35:*.qt=01;35:*.nuv=01;35:*.wmv=01;35:*.asf=01;35:*.rm=01;35:*.rmvb=01;35:*.flc=01;35:*.avi=01;35:*.fli=01;35:*.flv=01;35:*.gl=01;35:*.dl=01;35:*.xcf=01;35:*.xwd=01;35:*.yuv=01;35:*.cgm=01;35:*.emf=01;35:*.ogv=01;35:*.ogx=01;35:*.aac=00;36:*.au=00;36:*.flac=00;36:*.m4a=00;36:*.mid=00;36:*.midi=00;36:*.mka=00;36:*.mp3=00;36:*.mpc=00;36:*.ogg=00;36:*.ra=00;36:*.wav=00;36:*.oga=00;36:*.opus=00;36:*.spx=00;36:*.xspf=00;36:, XDG_SESSION_DESKTOP=cinnamon, SHLVL=1, LESSCLOSE=/usr/bin/lesspipe %s %s, TERM=xterm-256color, GNOME_TERMINAL_SERVICE=:1.150, XDG_CONFIG_DIRS=/etc/xdg/xdg-cinnamon:/etc/xdg, LANG=en_GB.UTF-8, XDG_SEAT_PATH=/org/freedesktop/DisplayManager/Seat0, XDG_SESSION_ID=c2, XDG_SESSION_TYPE=x11, DISPLAY=:0, CINNAMON_VERSION=3.8.9, _=./gradlew, GDM_LANG=en_GB, XDG_GREETER_DATA_DIR=/var/lib/lightdm-data/tyler, GPG_AGENT_INFO=/run/user/1002/gnupg/S.gpg-agent:0:1, DESKTOP_SESSION=cinnamon, USER=tyler, VTE_VERSION=5202, QT_ACCESSIBILITY=1, GJS_DEBUG_OUTPUT=stderr, SSH_AUTH_SOCK=/run/user/1002/keyring/ssh, XDG_SEAT=seat0, GTK_OVERLAY_SCROLLING=1, QT_QPA_PLATFORMTHEME=qt5ct, XDG_VTNR=7, XDG_RUNTIME_DIR=/run/user/1002, HOME=/home/tyler}}]
17:07:33.753 [Test worker] DEBUG org.springframework.core.io.support.PathMatchingResourcePatternResolver - Resolved classpath location [group9rcraggs/application/] to resources [URL [file:/home/tyler/Downloads/application/build/classes/java/test/group9rcraggs/application/], URL [file:/home/tyler/Downloads/application/build/classes/java/main/group9rcraggs/application/]]
17:07:33.753 [Test worker] DEBUG org.springframework.core.io.support.PathMatchingResourcePatternResolver - Looking for matching resources in directory tree [/home/tyler/Downloads/application/build/classes/java/test/group9rcraggs/application]
17:07:33.754 [Test worker] DEBUG org.springframework.core.io.support.PathMatchingResourcePatternResolver - Searching directory [/home/tyler/Downloads/application/build/classes/java/test/group9rcraggs/application] for files matching pattern [/home/tyler/Downloads/application/build/classes/java/test/group9rcraggs/application/*.class]
17:07:33.756 [Test worker] DEBUG org.springframework.core.io.support.PathMatchingResourcePatternResolver - Looking for matching resources in directory tree [/home/tyler/Downloads/application/build/classes/java/main/group9rcraggs/application]
17:07:33.756 [Test worker] DEBUG org.springframework.core.io.support.PathMatchingResourcePatternResolver - Searching directory [/home/tyler/Downloads/application/build/classes/java/main/group9rcraggs/application] for files matching pattern [/home/tyler/Downloads/application/build/classes/java/main/group9rcraggs/application/*.class]
17:07:33.756 [Test worker] DEBUG org.springframework.core.io.support.PathMatchingResourcePatternResolver - Resolved location pattern [classpath*:group9rcraggs/application/*.class] to resources [file [/home/tyler/Downloads/application/build/classes/java/test/group9rcraggs/application/ApplicationTests.class], file [/home/tyler/Downloads/application/build/classes/java/main/group9rcraggs/application/Application.class]]
17:07:33.775 [Test worker] DEBUG org.springframework.context.annotation.ClassPathScanningCandidateComponentProvider - Identified candidate component class: file [/home/tyler/Downloads/application/build/classes/java/main/group9rcraggs/application/Application.class]
17:07:33.776 [Test worker] INFO org.springframework.boot.test.context.SpringBootTestContextBootstrapper - Found @SpringBootConfiguration group9rcraggs.application.Application for test class group9rcraggs.application.ApplicationTests
17:07:33.831 [Test worker] DEBUG org.springframework.boot.test.context.SpringBootTestContextBootstrapper - @TestExecutionListeners is not present for class [group9rcraggs.application.ApplicationTests]: using defaults.
17:07:33.832 [Test worker] INFO org.springframework.boot.test.context.SpringBootTestContextBootstrapper - Loaded default TestExecutionListener class names from location [META-INF/spring.factories]: [org.springframework.security.test.context.support.WithSecurityContextTestExecutionListener, org.springframework.security.test.context.support.ReactorContextTestExecutionListener, org.springframework.boot.test.autoconfigure.restdocs.RestDocsTestExecutionListener, org.springframework.boot.test.autoconfigure.web.client.MockRestServiceServerResetTestExecutionListener, org.springframework.boot.test.autoconfigure.web.servlet.MockMvcPrintOnlyOnFailureTestExecutionListener, org.springframework.boot.test.autoconfigure.web.servlet.WebDriverTestExecutionListener, org.springframework.boot.test.mock.mockito.MockitoTestExecutionListener, org.springframework.boot.test.mock.mockito.ResetMocksTestExecutionListener, org.springframework.test.context.web.ServletTestExecutionListener, org.springframework.test.context.support.DirtiesContextBeforeModesTestExecutionListener, org.springframework.test.context.support.DependencyInjectionTestExecutionListener, org.springframework.test.context.support.DirtiesContextTestExecutionListener, org.springframework.test.context.transaction.TransactionalTestExecutionListener, org.springframework.test.context.jdbc.SqlScriptsTestExecutionListener]
17:07:33.838 [Test worker] DEBUG org.springframework.boot.test.context.SpringBootTestContextBootstrapper - Skipping candidate TestExecutionListener [org.springframework.test.context.transaction.TransactionalTestExecutionListener] due to a missing dependency. Specify custom listener classes or make the default listener classes and their required dependencies available. Offending class: [org/springframework/transaction/TransactionDefinition]
17:07:33.839 [Test worker] DEBUG org.springframework.boot.test.context.SpringBootTestContextBootstrapper - Skipping candidate TestExecutionListener [org.springframework.test.context.jdbc.SqlScriptsTestExecutionListener] due to a missing dependency. Specify custom listener classes or make the default listener classes and their required dependencies available. Offending class: [org/springframework/transaction/interceptor/TransactionAttribute]
17:07:33.839 [Test worker] INFO org.springframework.boot.test.context.SpringBootTestContextBootstrapper - Using TestExecutionListeners: [org.springframework.test.context.web.ServletTestExecutionListener@3b220240, org.springframework.test.context.support.DirtiesContextBeforeModesTestExecutionListener@111d9c6c, org.springframework.boot.test.mock.mockito.MockitoTestExecutionListener@2fcb4cc1, org.springframework.boot.test.autoconfigure.SpringBootDependencyInjectionTestExecutionListener@40a7c1cb, org.springframework.test.context.support.DirtiesContextTestExecutionListener@6b3ceb9d, org.springframework.security.test.context.support.WithSecurityContextTestExecutionListener@16bfe46a, org.springframework.security.test.context.support.ReactorContextTestExecutionListener@63670f38, org.springframework.boot.test.autoconfigure.restdocs.RestDocsTestExecutionListener@1d303306, org.springframework.boot.test.autoconfigure.web.client.MockRestServiceServerResetTestExecutionListener@11dc433e, org.springframework.boot.test.autoconfigure.web.servlet.MockMvcPrintOnlyOnFailureTestExecutionListener@78a969db, org.springframework.boot.test.autoconfigure.web.servlet.WebDriverTestExecutionListener@23eca739, org.springframework.boot.test.mock.mockito.ResetMocksTestExecutionListener@3f581841]
17:07:33.840 [Test worker] DEBUG org.springframework.test.annotation.ProfileValueUtils - Retrieved @ProfileValueSourceConfiguration [null] for test class [group9rcraggs.application.ApplicationTests]
17:07:33.840 [Test worker] DEBUG org.springframework.test.annotation.ProfileValueUtils - Retrieved ProfileValueSource type [class org.springframework.test.annotation.SystemProfileValueSource] for class [group9rcraggs.application.ApplicationTests]
17:07:33.841 [Test worker] DEBUG org.springframework.test.annotation.ProfileValueUtils - Retrieved @ProfileValueSourceConfiguration [null] for test class [group9rcraggs.application.ApplicationTests]
17:07:33.841 [Test worker] DEBUG org.springframework.test.annotation.ProfileValueUtils - Retrieved ProfileValueSource type [class org.springframework.test.annotation.SystemProfileValueSource] for class [group9rcraggs.application.ApplicationTests]
17:07:33.843 [Test worker] DEBUG org.springframework.test.context.support.AbstractDirtiesContextTestExecutionListener - Before test class: context [DefaultTestContext@2d6e5d54 testClass = ApplicationTests, testInstance = [null], testMethod = [null], testException = [null], mergedContextConfiguration = [WebMergedContextConfiguration@492c6c6 testClass = ApplicationTests, locations = '{}', classes = '{class group9rcraggs.application.Application}', contextInitializerClasses = '[]', activeProfiles = '{}', propertySourceLocations = '{}', propertySourceProperties = '{org.springframework.boot.test.context.SpringBootTestContextBootstrapper=true}', contextCustomizers = set[org.springframework.boot.test.autoconfigure.properties.PropertyMappingContextCustomizer@0, org.springframework.boot.test.autoconfigure.web.servlet.WebDriverContextCustomizerFactory$Customizer@16fe0d8c, org.springframework.boot.test.context.filter.ExcludeFilterContextCustomizer@7913c1c6, org.springframework.boot.test.json.DuplicateJsonObjectContextCustomizerFactory$DuplicateJsonObjectContextCustomizer@56643381, org.springframework.boot.test.mock.mockito.MockitoContextCustomizer@0, org.springframework.boot.test.web.client.TestRestTemplateContextCustomizer@2a6411fe], resourceBasePath = 'src/main/webapp', contextLoader = 'org.springframework.boot.test.context.SpringBootContextLoader', parent = [null]], attributes = map['org.springframework.test.context.web.ServletTestExecutionListener.activateListener' -> true]], class annotated with @DirtiesContext [false] with mode [null].
17:07:33.843 [Test worker] DEBUG org.springframework.test.annotation.ProfileValueUtils - Retrieved @ProfileValueSourceConfiguration [null] for test class [group9rcraggs.application.ApplicationTests]
17:07:33.844 [Test worker] DEBUG org.springframework.test.annotation.ProfileValueUtils - Retrieved ProfileValueSource type [class org.springframework.test.annotation.SystemProfileValueSource] for class [group9rcraggs.application.ApplicationTests]
17:07:33.852 [Test worker] DEBUG org.springframework.core.env.StandardEnvironment - Adding PropertySource 'systemProperties' with lowest search precedence
17:07:33.852 [Test worker] DEBUG org.springframework.core.env.StandardEnvironment - Adding PropertySource 'systemEnvironment' with lowest search precedence
17:07:33.853 [Test worker] DEBUG org.springframework.core.env.StandardEnvironment - Initialized StandardEnvironment with PropertySources [MapPropertySource@932582807 {name='systemProperties', properties={sun.desktop=gnome, awt.toolkit=sun.awt.X11.XToolkit, java.specification.version=10, file.encoding.pkg=sun.io, sun.cpu.isalist=, sun.jnu.encoding=UTF-8, org.gradle.test.worker=1, java.class.path=/home/tyler/.gradle/caches/4.10.2/workerMain/gradle-worker.jar:/home/tyler/Downloads/application/build/classes/java/test:/home/tyler/Downloads/application/build/resources/test:/home/tyler/Downloads/application/build/classes/java/main:/home/tyler/Downloads/application/build/resources/main:/home/tyler/.gradle/caches/modules-2/files-2.1/org.springframework.boot/spring-boot-starter-security/2.0.8.RELEASE/2bde596490fb0ab213ac8e6d2b989f5e44287637/spring-boot-starter-security-2.0.8.RELEASE.jar:/home/tyler/.gradle/caches/modules-2/files-2.1/org.springframework.boot/spring-boot-starter-web/2.0.8.RELEASE/b5938b13bacc8810cd927966cee84ea70a5dfba5/spring-boot-starter-web-2.0.8.RELEASE.jar:/home/tyler/.gradle/caches/modules-2/files-2.1/org.springframework.boot/spring-boot-devtools/2.0.8.RELEASE/8995dcaa30061e49b62cc8213ac50e1f4d09cfef/spring-boot-devtools-2.0.8.RELEASE.jar:/home/tyler/.gradle/caches/modules-2/files-2.1/com.h2database/h2/1.4.197/bb391050048ca8ae3e32451b5a3714ecd3596a46/h2-1.4.197.jar:/home/tyler/.gradle/caches/modules-2/files-2.1/mysql/mysql-connector-java/5.1.47/9de4159aaf2d08817a276610b8114a825fca6cfd/mysql-connector-java-5.1.47.jar:/home/tyler/.gradle/caches/modules-2/files-2.1/org.springframework.boot/spring-boot-starter-test/2.0.8.RELEASE/936d979689b18e64f798392bc9d655b9955d8e1d/spring-boot-starter-test-2.0.8.RELEASE.jar:/home/tyler/.gradle/caches/modules-2/files-2.1/org.springframework.security/spring-security-test/5.0.11.RELEASE/cf407877640ad8555dce6f16ab8e547c31e8657d/spring-security-test-5.0.11.RELEASE.jar:/home/tyler/.gradle/caches/modules-2/files-2.1/org.springframework.boot/spring-boot-starter-json/2.0.8.RELEASE/e582ff5ef0f65a5853a52a7b71fd13b3d51b79b/spring-boot-starter-json-2.0.8.RELEASE.jar:/home/tyler/.gradle/caches/modules-2/files-2.1/org.springframework.boot/spring-boot-starter/2.0.8.RELEASE/807ebe1e555159c36a4274175743bcb5ea0a78a4/spring-boot-starter-2.0.8.RELEASE.jar:/home/tyler/.gradle/caches/modules-2/files-2.1/org.springframework.security/spring-security-config/5.0.11.RELEASE/66ee0f694e0a92a03385b3206c8b12a9e54268ea/spring-security-config-5.0.11.RELEASE.jar:/home/tyler/.gradle/caches/modules-2/files-2.1/org.springframework.security/spring-security-web/5.0.11.RELEASE/303d3ec23ae9c71b5566bb924f7691fa763a224/spring-security-web-5.0.11.RELEASE.jar:/home/tyler/.gradle/caches/modules-2/files-2.1/org.springframework/spring-webmvc/5.0.12.RELEASE/987acd743219f144b6e82d1f00de49af272bbc51/spring-webmvc-5.0.12.RELEASE.jar:/home/tyler/.gradle/caches/modules-2/files-2.1/org.springframework.security/spring-security-core/5.0.11.RELEASE/e706bafb61d43ec405cce5fa927b465d14a140a9/spring-security-core-5.0.11.RELEASE.jar:/home/tyler/.gradle/caches/modules-2/files-2.1/org.springframework.boot/spring-boot-test-autoconfigure/2.0.8.RELEASE/e532dd8eb071bf4d6ea74e24b5b2044eea45c785/spring-boot-test-autoconfigure-2.0.8.RELEASE.jar:/home/tyler/.gradle/caches/modules-2/files-2.1/org.springframework.boot/spring-boot-autoconfigure/2.0.8.RELEASE/1c7381ae3817045699435f64fcd5cadf95ff9a6e/spring-boot-autoconfigure-2.0.8.RELEASE.jar:/home/tyler/.gradle/caches/modules-2/files-2.1/org.springframework.boot/spring-boot-test/2.0.8.RELEASE/3f71ecba9822a5c6c16cef80669cb9a52c766ce1/spring-boot-test-2.0.8.RELEASE.jar:/home/tyler/.gradle/caches/modules-2/files-2.1/org.springframework.boot/spring-boot/2.0.8.RELEASE/f3a872db7ad747eeaf602af5b515f50d715539d0/spring-boot-2.0.8.RELEASE.jar:/home/tyler/.gradle/caches/modules-2/files-2.1/org.springframework/spring-context/5.0.12.RELEASE/e48e296b05852649486837e97c2b99fac849e80b/spring-context-5.0.12.RELEASE.jar:/home/tyler/.gradle/caches/modules-2/files-2.1/org.springframework/spring-aop/5.0.12.RELEASE/60896945b60a841c66499a8142f06ee757399b3a/spring-aop-5.0.12.RELEASE.jar:/home/tyler/.gradle/caches/modules-2/files-2.1/org.springframework.boot/spring-boot-starter-tomcat/2.0.8.RELEASE/e14b0dd96ab70d7df1846b38b37ebf4c65576139/spring-boot-starter-tomcat-2.0.8.RELEASE.jar:/home/tyler/.gradle/caches/modules-2/files-2.1/org.hibernate.validator/hibernate-validator/6.0.14.Final/c424524aa7718c564d9199ac5892b05901cabae6/hibernate-validator-6.0.14.Final.jar:/home/tyler/.gradle/caches/modules-2/files-2.1/org.springframework/spring-web/5.0.12.RELEASE/fe4f2d665523f903ec35c6e822276d009ad76af7/spring-web-5.0.12.RELEASE.jar:/home/tyler/.gradle/caches/modules-2/files-2.1/com.jayway.jsonpath/json-path/2.4.0/765a4401ceb2dc8d40553c2075eb80a8fa35c2ae/json-path-2.4.0.jar:/home/tyler/.gradle/caches/modules-2/files-2.1/junit/junit/4.12/2973d150c0dc1fefe998f834810d68f278ea58ec/junit-4.12.jar:/home/tyler/.gradle/caches/modules-2/files-2.1/org.assertj/assertj-core/3.9.1/c5ce126b15f28d56cd8f960c1a6a058b9c9aea87/assertj-core-3.9.1.jar:/home/tyler/.gradle/caches/modules-2/files-2.1/org.mockito/mockito-core/2.15.0/b84bfbbc29cd22c9529409627af6ea2897f4fa85/mockito-core-2.15.0.jar:/home/tyler/.gradle/caches/modules-2/files-2.1/org.hamcrest/hamcrest-library/1.3/4785a3c21320980282f9f33d0d1264a69040538f/hamcrest-library-1.3.jar:/home/tyler/.gradle/caches/modules-2/files-2.1/org.hamcrest/hamcrest-core/1.3/42a25dc3219429f0e5d060061f71acb49bf010a0/hamcrest-core-1.3.jar:/home/tyler/.gradle/caches/modules-2/files-2.1/org.skyscreamer/jsonassert/1.5.0/6c9d5fe2f59da598d9aefc1cfc6528ff3cf32df3/jsonassert-1.5.0.jar:/home/tyler/.gradle/caches/modules-2/files-2.1/org.springframework/spring-test/5.0.12.RELEASE/e846ddc1a1e9b0f996e93d0315e37223d3612801/spring-test-5.0.12.RELEASE.jar:/home/tyler/.gradle/caches/modules-2/files-2.1/org.springframework/spring-beans/5.0.12.RELEASE/985983cc69e42defefef099c3cfdf24e81b28b6c/spring-beans-5.0.12.RELEASE.jar:/home/tyler/.gradle/caches/modules-2/files-2.1/org.springframework/spring-expression/5.0.12.RELEASE/f57aa55bcfb7542c5d5db70285d1c83161f76ed9/spring-expression-5.0.12.RELEASE.jar:/home/tyler/.gradle/caches/modules-2/files-2.1/org.springframework/spring-core/5.0.12.RELEASE/b443363fffe8b1881a231bb96d8c927558a941cc/spring-core-5.0.12.RELEASE.jar:/home/tyler/.gradle/caches/modules-2/files-2.1/org.xmlunit/xmlunit-core/2.5.1/4ffdb346572a7356f7521cd3119ce5287d2e339d/xmlunit-core-2.5.1.jar:/home/tyler/.gradle/caches/modules-2/files-2.1/org.springframework.boot/spring-boot-starter-logging/2.0.8.RELEASE/478802d17e998de074c71a495abaf9a76be03c0/spring-boot-starter-logging-2.0.8.RELEASE.jar:/home/tyler/.gradle/caches/modules-2/files-2.1/javax.annotation/javax.annotation-api/1.3.2/934c04d3cfef185a8008e7bf34331b79730a9d43/javax.annotation-api-1.3.2.jar:/home/tyler/.gradle/caches/modules-2/files-2.1/org.yaml/snakeyaml/1.19/2d998d3d674b172a588e54ab619854d073f555b5/snakeyaml-1.19.jar:/home/tyler/.gradle/caches/modules-2/files-2.1/com.fasterxml.jackson.datatype/jackson-datatype-jdk8/2.9.8/bcd02aa9195390e23747ed40bf76be869ad3a2fb/jackson-datatype-jdk8-2.9.8.jar:/home/tyler/.gradle/caches/modules-2/files-2.1/com.fasterxml.jackson.datatype/jackson-datatype-jsr310/2.9.8/28ad1bced632ba338e51c825a652f6e11a8e6eac/jackson-datatype-jsr310-2.9.8.jar:/home/tyler/.gradle/caches/modules-2/files-2.1/com.fasterxml.jackson.module/jackson-module-parameter-names/2.9.8/c4eef0e6e20d60fb27af4bc4770dba7bcc3f6de6/jackson-module-parameter-names-2.9.8.jar:/home/tyler/.gradle/caches/modules-2/files-2.1/com.fasterxml.jackson.core/jackson-databind/2.9.8/11283f21cc480aa86c4df7a0a3243ec508372ed2/jackson-databind-2.9.8.jar:/home/tyler/.gradle/caches/modules-2/files-2.1/org.apache.tomcat.embed/tomcat-embed-websocket/8.5.37/6fa15e093a7809764ea6d149efa4fcb383a833e7/tomcat-embed-websocket-8.5.37.jar:/home/tyler/.gradle/caches/modules-2/files-2.1/org.apache.tomcat.embed/tomcat-embed-core/8.5.37/9ed6ab8f126d304af340492ade95a03878455af1/tomcat-embed-core-8.5.37.jar:/home/tyler/.gradle/caches/modules-2/files-2.1/org.apache.tomcat.embed/tomcat-embed-el/8.5.37/fc91bf1f2f228859440e8665dffa1587b645ce8e/tomcat-embed-el-8.5.37.jar:/home/tyler/.gradle/caches/modules-2/files-2.1/javax.validation/validation-api/2.0.1.Final/cb855558e6271b1b32e716d24cb85c7f583ce09e/validation-api-2.0.1.Final.jar:/home/tyler/.gradle/caches/modules-2/files-2.1/org.jboss.logging/jboss-logging/3.3.2.Final/3789d00e859632e6c6206adc0c71625559e6e3b0/jboss-logging-3.3.2.Final.jar:/home/tyler/.gradle/caches/modules-2/files-2.1/com.fasterxml/classmate/1.3.4/3d5f48f10bbe4eb7bd862f10c0583be2e0053c6/classmate-1.3.4.jar:/home/tyler/.gradle/caches/modules-2/files-2.1/net.minidev/json-smart/2.3/7396407491352ce4fa30de92efb158adb76b5b/json-smart-2.3.jar:/home/tyler/.gradle/caches/modules-2/files-2.1/ch.qos.logback/logback-classic/1.2.3/7c4f3c474fb2c041d8028740440937705ebb473a/logback-classic-1.2.3.jar:/home/tyler/.gradle/caches/modules-2/files-2.1/org.apache.logging.log4j/log4j-to-slf4j/2.10.0/f7e631ccf49cfc0aefa4a2a728da7d374c05bd3c/log4j-to-slf4j-2.10.0.jar:/home/tyler/.gradle/caches/modules-2/files-2.1/org.slf4j/jul-to-slf4j/1.7.25/af5364cd6679bfffb114f0dec8a157aaa283b76/jul-to-slf4j-1.7.25.jar:/home/tyler/.gradle/caches/modules-2/files-2.1/org.slf4j/slf4j-api/1.7.25/da76ca59f6a57ee3102f8f9bd9cee742973efa8a/slf4j-api-1.7.25.jar:/home/tyler/.gradle/caches/modules-2/files-2.1/net.bytebuddy/byte-buddy/1.7.11/f02857a4e2c66ccbe7aaad6100a0a6c461bce9b3/byte-buddy-1.7.11.jar:/home/tyler/.gradle/caches/modules-2/files-2.1/net.bytebuddy/byte-buddy-agent/1.7.11/b425a8933ca07edd03c6dbc8bc3b595fba9780de/byte-buddy-agent-1.7.11.jar:/home/tyler/.gradle/caches/modules-2/files-2.1/org.objenesis/objenesis/2.6/639033469776fd37c08358c6b92a4761feb2af4b/objenesis-2.6.jar:/home/tyler/.gradle/caches/modules-2/files-2.1/com.vaadin.external.google/android-json/0.0.20131108.vaadin1/fa26d351fe62a6a17f5cda1287c1c6110dec413f/android-json-0.0.20131108.vaadin1.jar:/home/tyler/.gradle/caches/modules-2/files-2.1/org.springframework/spring-jcl/5.0.12.RELEASE/207c604aa198f7f845a1ce046d0f9593294c7953/spring-jcl-5.0.12.RELEASE.jar:/home/tyler/.gradle/caches/modules-2/files-2.1/com.fasterxml.jackson.core/jackson-annotations/2.9.0/7c10d545325e3a6e72e06381afe469fd40eb701/jackson-annotations-2.9.0.jar:/home/tyler/.gradle/caches/modules-2/files-2.1/com.fasterxml.jackson.core/jackson-core/2.9.8/f5a654e4675769c716e5b387830d19b501ca191/jackson-core-2.9.8.jar:/home/tyler/.gradle/caches/modules-2/files-2.1/net.minidev/accessors-smart/1.2/c592b500269bfde36096641b01238a8350f8aa31/accessors-smart-1.2.jar:/home/tyler/.gradle/caches/modules-2/files-2.1/ch.qos.logback/logback-core/1.2.3/864344400c3d4d92dfeb0a305dc87d953677c03c/logback-core-1.2.3.jar:/home/tyler/.gradle/caches/modules-2/files-2.1/org.apache.logging.log4j/log4j-api/2.10.0/fec5797a55b786184a537abd39c3fa1449d752d6/log4j-api-2.10.0.jar:/home/tyler/.gradle/caches/modules-2/files-2.1/org.ow2.asm/asm/5.0.4/da08b8cce7bbf903602a25a3a163ae252435795/asm-5.0.4.jar, java.vm.vendor=Oracle Corporation, sun.arch.data.model=64, user.variant=, java.vendor.url=http://java.oracle.com/, user.timezone=Europe/London, os.name=Linux, java.vm.specification.version=10, user.country=GB, sun.java.launcher=SUN_STANDARD, sun.boot.library.path=/usr/lib/jvm/java-11-openjdk-amd64/lib, sun.java.command=worker.org.gradle.process.internal.worker.GradleWorkerMain 'Gradle Test Executor 1', jdk.debug=release, sun.cpu.endian=little, user.home=/home/tyler, user.language=en, java.specification.vendor=Oracle Corporation, org.gradle.native=false, java.version.date=2018-07-17, java.home=/usr/lib/jvm/java-11-openjdk-amd64, file.separator=/, java.vm.compressedOopsMode=Zero based, line.separator=
, java.specification.name=Java Platform API Specification, java.vm.specification.vendor=Oracle Corporation, java.awt.graphicsenv=sun.awt.X11GraphicsEnvironment, sun.management.compiler=HotSpot 64-Bit Tiered Compilers, java.runtime.version=10.0.2+13-Ubuntu-1ubuntu0.18.04.4, user.name=tyler, path.separator=:, os.version=4.15.0-38-generic, java.runtime.name=OpenJDK Runtime Environment, file.encoding=UTF-8, java.vm.name=OpenJDK 64-Bit Server VM, java.vendor.url.bug=http://bugreport.java.com/bugreport/, java.io.tmpdir=/tmp, java.version=10.0.2, user.dir=/home/tyler/Downloads/application, os.arch=amd64, java.vm.specification.name=Java Virtual Machine Specification, java.awt.printerjob=sun.print.PSPrinterJob, sun.os.patch.level=unknown, java.library.path=/usr/java/packages/lib:/usr/lib/x86_64-linux-gnu/jni:/lib/x86_64-linux-gnu:/usr/lib/x86_64-linux-gnu:/usr/lib/jni:/lib:/usr/lib, java.vendor=Oracle Corporation, java.vm.info=mixed mode, java.vm.version=10.0.2+13-Ubuntu-1ubuntu0.18.04.4, sun.io.unicode.encoding=UnicodeLittle, java.class.version=54.0}}, SystemEnvironmentPropertySource@302914707 {name='systemEnvironment', properties={PATH=/usr/local/sbin:/usr/local/bin:/usr/sbin:/usr/bin:/sbin:/bin:/usr/games:/usr/local/games, XAUTHORITY=/home/tyler/.Xauthority, XDG_DATA_DIRS=/home/tyler/.local/share/flatpak/exports/share:/var/lib/flatpak/exports/share/:/usr/share/cinnamon:/usr/share/gnome:/home/tyler/.local/share/flatpak/exports/share:/var/lib/flatpak/exports/share:/usr/local/share:/usr/share, GDMSESSION=cinnamon, MANDATORY_PATH=/usr/share/gconf/cinnamon.mandatory.path, DBUS_SESSION_BUS_ADDRESS=unix:path=/run/user/1002/bus, DEFAULTS_PATH=/usr/share/gconf/cinnamon.default.path, XDG_CURRENT_DESKTOP=X-Cinnamon, SSH_AGENT_PID=3421, COLORTERM=truecolor, SESSION_MANAGER=local/genesis-HP-ProDesk-400-Office3:@/tmp/.ICE-unix/3355,unix/genesis-HP-ProDesk-400-Office3:/tmp/.ICE-unix/3355, LOGNAME=tyler, PWD=/home/tyler/Downloads/application, LANGUAGE=en_GB:en, GJS_DEBUG_TOPICS=JS ERROR;JS LOG, LESSOPEN=| /usr/bin/lesspipe %s, SHELL=/bin/bash, OLDPWD=/home/tyler/Downloads/application, GNOME_DESKTOP_SESSION_ID=this-is-deprecated, GNOME_TERMINAL_SCREEN=/org/gnome/Terminal/screen/28d346fd_ec60_435c_852e_4154ce9f4c98, GTK_MODULES=gail:atk-bridge, XDG_SESSION_PATH=/org/freedesktop/DisplayManager/Session0, LS_COLORS=rs=0:di=01;34:ln=01;36:mh=00:pi=40;33:so=01;35:do=01;35:bd=40;33;01:cd=40;33;01:or=40;31;01:mi=00:su=37;41:sg=30;43:ca=30;41:tw=30;42:ow=34;42:st=37;44:ex=01;32:*.tar=01;31:*.tgz=01;31:*.arc=01;31:*.arj=01;31:*.taz=01;31:*.lha=01;31:*.lz4=01;31:*.lzh=01;31:*.lzma=01;31:*.tlz=01;31:*.txz=01;31:*.tzo=01;31:*.t7z=01;31:*.zip=01;31:*.z=01;31:*.Z=01;31:*.dz=01;31:*.gz=01;31:*.lrz=01;31:*.lz=01;31:*.lzo=01;31:*.xz=01;31:*.zst=01;31:*.tzst=01;31:*.bz2=01;31:*.bz=01;31:*.tbz=01;31:*.tbz2=01;31:*.tz=01;31:*.deb=01;31:*.rpm=01;31:*.jar=01;31:*.war=01;31:*.ear=01;31:*.sar=01;31:*.rar=01;31:*.alz=01;31:*.ace=01;31:*.zoo=01;31:*.cpio=01;31:*.7z=01;31:*.rz=01;31:*.cab=01;31:*.wim=01;31:*.swm=01;31:*.dwm=01;31:*.esd=01;31:*.jpg=01;35:*.jpeg=01;35:*.mjpg=01;35:*.mjpeg=01;35:*.gif=01;35:*.bmp=01;35:*.pbm=01;35:*.pgm=01;35:*.ppm=01;35:*.tga=01;35:*.xbm=01;35:*.xpm=01;35:*.tif=01;35:*.tiff=01;35:*.png=01;35:*.svg=01;35:*.svgz=01;35:*.mng=01;35:*.pcx=01;35:*.mov=01;35:*.mpg=01;35:*.mpeg=01;35:*.m2v=01;35:*.mkv=01;35:*.webm=01;35:*.ogm=01;35:*.mp4=01;35:*.m4v=01;35:*.mp4v=01;35:*.vob=01;35:*.qt=01;35:*.nuv=01;35:*.wmv=01;35:*.asf=01;35:*.rm=01;35:*.rmvb=01;35:*.flc=01;35:*.avi=01;35:*.fli=01;35:*.flv=01;35:*.gl=01;35:*.dl=01;35:*.xcf=01;35:*.xwd=01;35:*.yuv=01;35:*.cgm=01;35:*.emf=01;35:*.ogv=01;35:*.ogx=01;35:*.aac=00;36:*.au=00;36:*.flac=00;36:*.m4a=00;36:*.mid=00;36:*.midi=00;36:*.mka=00;36:*.mp3=00;36:*.mpc=00;36:*.ogg=00;36:*.ra=00;36:*.wav=00;36:*.oga=00;36:*.opus=00;36:*.spx=00;36:*.xspf=00;36:, XDG_SESSION_DESKTOP=cinnamon, SHLVL=1, LESSCLOSE=/usr/bin/lesspipe %s %s, TERM=xterm-256color, GNOME_TERMINAL_SERVICE=:1.150, XDG_CONFIG_DIRS=/etc/xdg/xdg-cinnamon:/etc/xdg, LANG=en_GB.UTF-8, XDG_SEAT_PATH=/org/freedesktop/DisplayManager/Seat0, XDG_SESSION_ID=c2, XDG_SESSION_TYPE=x11, DISPLAY=:0, CINNAMON_VERSION=3.8.9, _=./gradlew, GDM_LANG=en_GB, XDG_GREETER_DATA_DIR=/var/lib/lightdm-data/tyler, GPG_AGENT_INFO=/run/user/1002/gnupg/S.gpg-agent:0:1, DESKTOP_SESSION=cinnamon, USER=tyler, VTE_VERSION=5202, QT_ACCESSIBILITY=1, GJS_DEBUG_OUTPUT=stderr, SSH_AUTH_SOCK=/run/user/1002/keyring/ssh, XDG_SEAT=seat0, GTK_OVERLAY_SCROLLING=1, QT_QPA_PLATFORMTHEME=qt5ct, XDG_VTNR=7, XDG_RUNTIME_DIR=/run/user/1002, HOME=/home/tyler}}]
17:07:33.854 [Test worker] DEBUG org.springframework.test.context.support.TestPropertySourceUtils - Adding inlined properties to environment: {spring.jmx.enabled=false, org.springframework.boot.test.context.SpringBootTestContextBootstrapper=true, server.port=-1}
17:07:33.854 [Test worker] DEBUG org.springframework.core.env.StandardEnvironment - Adding PropertySource 'Inlined Test Properties' with highest search precedence

  .   ____          _            __ _ _
 /\\ / ___'_ __ _ _(_)_ __  __ _ \ \ \ \
( ( )\___ | '_ | '_| | '_ \/ _` | \ \ \ \
 \\/  ___)| |_)| | | | | || (_| |  ) ) ) )
  '  |____| .__|_| |_|_| |_\__, | / / / /
 =========|_|==============|___/=/_/_/_/
 :: Spring Boot ::        (v2.0.8.RELEASE)

2019-01-23 17:07:34.017  INFO 8767 --- [    Test worker] g.application.ApplicationTests           : Starting ApplicationTests on genesis-HP-ProDesk-400-Office3 with PID 8767 (started by tyler in /home/tyler/Downloads/application)
2019-01-23 17:07:34.018  INFO 8767 --- [    Test worker] g.application.ApplicationTests           : No active profile set, falling back to default profiles: default
2019-01-23 17:07:34.039  INFO 8767 --- [    Test worker] o.s.w.c.s.GenericWebApplicationContext   : Refreshing org.springframework.web.context.support.GenericWebApplicationContext@563a680e: startup date [Wed Jan 23 17:07:34 GMT 2019]; root of context hierarchy
2019-01-23 17:07:34.664  INFO 8767 --- [    Test worker] o.s.w.s.handler.SimpleUrlHandlerMapping  : Mapped URL path [/**/favicon.ico] onto handler of type [class org.springframework.web.servlet.resource.ResourceHttpRequestHandler]
2019-01-23 17:07:34.756  INFO 8767 --- [    Test worker] s.w.s.m.m.a.RequestMappingHandlerAdapter : Looking for @ControllerAdvice: org.springframework.web.context.support.GenericWebApplicationContext@563a680e: startup date [Wed Jan 23 17:07:34 GMT 2019]; root of context hierarchy
2019-01-23 17:07:34.793  INFO 8767 --- [    Test worker] s.w.s.m.m.a.RequestMappingHandlerMapping : Mapped "{[/error],produces=[text/html]}" onto public org.springframework.web.servlet.ModelAndView org.springframework.boot.autoconfigure.web.servlet.error.BasicErrorController.errorHtml(javax.servlet.http.HttpServletRequest,javax.servlet.http.HttpServletResponse)
2019-01-23 17:07:34.794  INFO 8767 --- [    Test worker] s.w.s.m.m.a.RequestMappingHandlerMapping : Mapped "{[/error]}" onto public org.springframework.http.ResponseEntity<java.util.Map<java.lang.String, java.lang.Object>> org.springframework.boot.autoconfigure.web.servlet.error.BasicErrorController.error(javax.servlet.http.HttpServletRequest)
2019-01-23 17:07:34.807  INFO 8767 --- [    Test worker] o.s.w.s.handler.SimpleUrlHandlerMapping  : Mapped URL path [/webjars/**] onto handler of type [class org.springframework.web.servlet.resource.ResourceHttpRequestHandler]
2019-01-23 17:07:34.807  INFO 8767 --- [    Test worker] o.s.w.s.handler.SimpleUrlHandlerMapping  : Mapped URL path [/**] onto handler of type [class org.springframework.web.servlet.resource.ResourceHttpRequestHandler]
2019-01-23 17:07:34.925  INFO 8767 --- [    Test worker] .s.s.UserDetailsServiceAutoConfiguration : 

Using generated security password: 740ee59b-412a-4f6e-aca0-a7c1d133ff44

2019-01-23 17:07:35.001  INFO 8767 --- [    Test worker] o.s.s.web.DefaultSecurityFilterChain     : Creating filter chain: org.springframework.security.web.util.matcher.AnyRequestMatcher@1, [org.springframework.security.web.context.request.async.WebAsyncManagerIntegrationFilter@1b90dd35, org.springframework.security.web.context.SecurityContextPersistenceFilter@5b619d0, org.springframework.security.web.header.HeaderWriterFilter@372a4046, org.springframework.security.web.csrf.CsrfFilter@411c029d, org.springframework.security.web.authentication.logout.LogoutFilter@6272ee06, org.springframework.security.web.authentication.UsernamePasswordAuthenticationFilter@441b01be, org.springframework.security.web.authentication.ui.DefaultLoginPageGeneratingFilter@35934acd, org.springframework.security.web.authentication.www.BasicAuthenticationFilter@918a585, org.springframework.security.web.savedrequest.RequestCacheAwareFilter@2bd6734b, org.springframework.security.web.servletapi.SecurityContextHolderAwareRequestFilter@19d916f1, org.springframework.security.web.authentication.AnonymousAuthenticationFilter@37e4bfdc, org.springframework.security.web.session.SessionManagementFilter@1d5a0f82, org.springframework.security.web.access.ExceptionTranslationFilter@4e9c4c96, org.springframework.security.web.access.intercept.FilterSecurityInterceptor@57eb3f71]
2019-01-23 17:07:35.056  INFO 8767 --- [    Test worker] g.application.ApplicationTests           : Started ApplicationTests in 1.197 seconds (JVM running for 1.723)
]]></system-out>
  <system-err><![CDATA[]]></system-err>
</testsuite>
